# JRE version: Java(TM) SE Runtime Environment (8.0_151-b12) (build 1.8.0_151-b12)
# Java VM: Java HotSpot(TM) 64-Bit Server VM (25.151-b12 mixed mode linux-amd64 compressed oops)
Heap:
 PSYoungGen      total 191488K, used 128K [0x00000000ebf80000, 0x00000000f7e80000, 0x0000000100000000)
  eden space 188928K, 0% used [0x00000000ebf80000,0x00000000ebf80000,0x00000000f7800000)
  from space 2560K, 5% used [0x00000000f7980000,0x00000000f79a0000,0x00000000f7c00000)
  to   space 512K, 0% used [0x00000000f7e00000,0x00000000f7e00000,0x00000000f7e80000)
 ParOldGen       total 70656K, used 42986K [0x00000000c3e00000, 0x00000000c8300000, 0x00000000ebf80000)
  object space 70656K, 60% used [0x00000000c3e00000,0x00000000c67faa38,0x00000000c8300000)
 Metaspace       used 13656K, capacity 13856K, committed 13952K, reserved 1060864K
  class space    used 1588K, capacity 1648K, committed 1664K, reserved 1048576K
GC Heap History (10 events):
Event: 25.412 GC heap after
Heap after GC invocations=5 (full 1):
 PSYoungGen      total 60928K, used 1450K [0x00000000ebf80000, 0x00000000f0180000, 0x0000000100000000)
  eden space 59392K, 0% used [0x00000000ebf80000,0x00000000ebf80000,0x00000000ef980000)
  from space 1536K, 94% used [0x00000000f0000000,0x00000000f016aba8,0x00000000f0180000)
  to   space 2560K, 0% used [0x00000000efc80000,0x00000000efc80000,0x00000000eff00000)
 ParOldGen       total 70656K, used 41339K [0x00000000c3e00000, 0x00000000c8300000, 0x00000000ebf80000)
  object space 70656K, 58% used [0x00000000c3e00000,0x00000000c665ed18,0x00000000c8300000)
 Metaspace       used 13062K, capacity 13248K, committed 13440K, reserved 1060864K
  class space    used 1564K, capacity 1616K, committed 1664K, reserved 1048576K
}
Event: 28.596 GC heap before
{Heap before GC invocations=6 (full 1):
 PSYoungGen      total 60928K, used 60842K [0x00000000ebf80000, 0x00000000f0180000, 0x0000000100000000)
  eden space 59392K, 100% used [0x00000000ebf80000,0x00000000ef980000,0x00000000ef980000)
  from space 1536K, 94% used [0x00000000f0000000,0x00000000f016aba8,0x00000000f0180000)
  to   space 2560K, 0% used [0x00000000efc80000,0x00000000efc80000,0x00000000eff00000)
 ParOldGen       total 70656K, used 41339K [0x00000000c3e00000, 0x00000000c8300000, 0x00000000ebf80000)
  object space 70656K, 58% used [0x00000000c3e00000,0x00000000c665ed18,0x00000000c8300000)
 Metaspace       used 13616K, capacity 13792K, committed 13952K, reserved 1060864K
  class space    used 1585K, capacity 1648K, committed 1664K, reserved 1048576K
Event: 28.622 GC heap after
Heap after GC invocations=6 (full 1):
 PSYoungGen      total 65024K, used 1674K [0x00000000ebf80000, 0x00000000f2e80000, 0x0000000100000000)
  eden space 62464K, 0% used [0x00000000ebf80000,0x00000000ebf80000,0x00000000efc80000)
  from space 2560K, 65% used [0x00000000efc80000,0x00000000efe22ba8,0x00000000eff00000)
  to   space 2048K, 0% used [0x00000000f2c80000,0x00000000f2c80000,0x00000000f2e80000)
 ParOldGen       total 70656K, used 41347K [0x00000000c3e00000, 0x00000000c8300000, 0x00000000ebf80000)
  object space 70656K, 58% used [0x00000000c3e00000,0x00000000c6660d18,0x00000000c8300000)
 Metaspace       used 13616K, capacity 13792K, committed 13952K, reserved 1060864K
  class space    used 1585K, capacity 1648K, committed 1664K, reserved 1048576K
}
Event: 31.284 GC heap before
{Heap before GC invocations=7 (full 1):
 PSYoungGen      total 65024K, used 64138K [0x00000000ebf80000, 0x00000000f2e80000, 0x0000000100000000)
  eden space 62464K, 100% used [0x00000000ebf80000,0x00000000efc80000,0x00000000efc80000)
  from space 2560K, 65% used [0x00000000efc80000,0x00000000efe22ba8,0x00000000eff00000)
  to   space 2048K, 0% used [0x00000000f2c80000,0x00000000f2c80000,0x00000000f2e80000)
 ParOldGen       total 70656K, used 41347K [0x00000000c3e00000, 0x00000000c8300000, 0x00000000ebf80000)
  object space 70656K, 58% used [0x00000000c3e00000,0x00000000c6660d18,0x00000000c8300000)
 Metaspace       used 13617K, capacity 13792K, committed 13952K, reserved 1060864K
  class space    used 1585K, capacity 1648K, committed 1664K, reserved 1048576K
Event: 31.299 GC heap after
Heap after GC invocations=7 (full 1):
 PSYoungGen      total 111616K, used 1628K [0x00000000ebf80000, 0x00000000f3180000, 0x0000000100000000)
  eden space 109568K, 0% used [0x00000000ebf80000,0x00000000ebf80000,0x00000000f2a80000)
  from space 2048K, 79% used [0x00000000f2c80000,0x00000000f2e173c8,0x00000000f2e80000)
  to   space 2048K, 0% used [0x00000000f2a80000,0x00000000f2a80000,0x00000000f2c80000)
 ParOldGen       total 70656K, used 41355K [0x00000000c3e00000, 0x00000000c8300000, 0x00000000ebf80000)
  object space 70656K, 58% used [0x00000000c3e00000,0x00000000c6662d18,0x00000000c8300000)
 Metaspace       used 13617K, capacity 13792K, committed 13952K, reserved 1060864K
  class space    used 1585K, capacity 1648K, committed 1664K, reserved 1048576K
}
Event: 36.433 GC heap before
{Heap before GC invocations=8 (full 1):
 PSYoungGen      total 111616K, used 111196K [0x00000000ebf80000, 0x00000000f3180000, 0x0000000100000000)
  eden space 109568K, 100% used [0x00000000ebf80000,0x00000000f2a80000,0x00000000f2a80000)
  from space 2048K, 79% used [0x00000000f2c80000,0x00000000f2e173c8,0x00000000f2e80000)
  to   space 2048K, 0% used [0x00000000f2a80000,0x00000000f2a80000,0x00000000f2c80000)
 ParOldGen       total 70656K, used 41355K [0x00000000c3e00000, 0x00000000c8300000, 0x00000000ebf80000)
  object space 70656K, 58% used [0x00000000c3e00000,0x00000000c6662d18,0x00000000c8300000)
 Metaspace       used 13654K, capacity 13856K, committed 13952K, reserved 1060864K
  class space    used 1587K, capacity 1648K, committed 1664K, reserved 1048576K
Event: 36.448 GC heap after
Heap after GC invocations=8 (full 1):
 PSYoungGen      total 111616K, used 1642K [0x00000000ebf80000, 0x00000000f8000000, 0x0000000100000000)
  eden space 109568K, 0% used [0x00000000ebf80000,0x00000000ebf80000,0x00000000f2a80000)
  from space 2048K, 80% used [0x00000000f2a80000,0x00000000f2c1aba8,0x00000000f2c80000)
  to   space 2048K, 0% used [0x00000000f7e00000,0x00000000f7e00000,0x00000000f8000000)
 ParOldGen       total 70656K, used 41363K [0x00000000c3e00000, 0x00000000c8300000, 0x00000000ebf80000)
  object space 70656K, 58% used [0x00000000c3e00000,0x00000000c6664d18,0x00000000c8300000)
 Metaspace       used 13654K, capacity 13856K, committed 13952K, reserved 1060864K
  class space    used 1587K, capacity 1648K, committed 1664K, reserved 1048576K
}
Event: 41.367 GC heap before
{Heap before GC invocations=9 (full 1):
 PSYoungGen      total 111616K, used 111210K [0x00000000ebf80000, 0x00000000f8000000, 0x0000000100000000)
  eden space 109568K, 100% used [0x00000000ebf80000,0x00000000f2a80000,0x00000000f2a80000)
  from space 2048K, 80% used [0x00000000f2a80000,0x00000000f2c1aba8,0x00000000f2c80000)
  to   space 2048K, 0% used [0x00000000f7e00000,0x00000000f7e00000,0x00000000f8000000)
 ParOldGen       total 70656K, used 41363K [0x00000000c3e00000, 0x00000000c8300000, 0x00000000ebf80000)
  object space 70656K, 58% used [0x00000000c3e00000,0x00000000c6664d18,0x00000000c8300000)
 Metaspace       used 13654K, capacity 13856K, committed 13952K, reserved 1060864K
  class space    used 1587K, capacity 1648K, committed 1664K, reserved 1048576K
Event: 41.417 GC heap after
Heap after GC invocations=9 (full 1):
 PSYoungGen      total 189440K, used 352K [0x00000000ebf80000, 0x00000000f7e80000, 0x0000000100000000)
  eden space 188928K, 0% used [0x00000000ebf80000,0x00000000ebf80000,0x00000000f7800000)
  from space 512K, 68% used [0x00000000f7e00000,0x00000000f7e58000,0x00000000f7e80000)
  to   space 2560K, 0% used [0x00000000f7980000,0x00000000f7980000,0x00000000f7c00000)
 ParOldGen       total 70656K, used 42712K [0x00000000c3e00000, 0x00000000c8300000, 0x00000000ebf80000)
  object space 70656K, 60% used [0x00000000c3e00000,0x00000000c67b62a0,0x00000000c8300000)
 Metaspace       used 13654K, capacity 13856K, committed 13952K, reserved 1060864K
  class space    used 1587K, capacity 1648K, committed 1664K, reserved 1048576K
}
Event: 50.485 GC heap before
{Heap before GC invocations=10 (full 1):
 PSYoungGen      total 189440K, used 189280K [0x00000000ebf80000, 0x00000000f7e80000, 0x0000000100000000)
  eden space 188928K, 100% used [0x00000000ebf80000,0x00000000f7800000,0x00000000f7800000)
  from space 512K, 68% used [0x00000000f7e00000,0x00000000f7e58000,0x00000000f7e80000)
  to   space 2560K, 0% used [0x00000000f7980000,0x00000000f7980000,0x00000000f7c00000)
 ParOldGen       total 70656K, used 42712K [0x00000000c3e00000, 0x00000000c8300000, 0x00000000ebf80000)
  object space 70656K, 60% used [0x00000000c3e00000,0x00000000c67b62a0,0x00000000c8300000)
 Metaspace       used 13656K, capacity 13856K, committed 13952K, reserved 1060864K
  class space    used 1588K, capacity 1648K, committed 1664K, reserved 1048576K

